{"Accounts": ["bostonu"]}
{"Accounts": ["bostonu_hw"]}
{"Accounts": ["gaston_day"]}
{"Accounts": ["rice"]}
{"Accounts": ["rice"]}
{"ActionStatus":"FAIL","ErrorCode":60008,"ErrorInfo":"service timeout or request format error,please check and try again"}

{"Accounts": ["virginia"]}
{"Accounts": ["duke"]}
{"Accounts": ["sps_singapore"]}
{"Accounts": ["sps_singapore"]}
{"ActionStatus":"FAIL","ErrorCode":60008,"ErrorInfo":"service timeout or request format error,please check and try again"}

{"Accounts": ["tuebingen"]}
{"Accounts": ["tuebingen"]}
{"ActionStatus":"FAIL","ErrorCode":60008,"ErrorInfo":"service timeout or request format error,please check and try again"}

{"Accounts": ["sysu-software"]}
{"Accounts": ["szu-china"]}
{"Accounts": ["asij_tokyo"]}
{"Accounts": ["zju-china"]}
{"Accounts": ["tmmu_china"]}
{"Accounts": ["sysu-med"]}
{"Accounts": ["hong_kong_uccke"]}
{"Accounts": ["tu_delft"]}
{"Accounts": ["bnu-china"]}
{"Accounts": ["sms_shenzhen"]}
{"Accounts": ["imperial_college"]}
{"Accounts": ["imperial_college"]}
{"ActionStatus":"FAIL","ErrorCode":60008,"ErrorInfo":"service timeout or request format error,please check and try again"}

{"Accounts": ["nanjing_nfls"]}
{"Accounts": ["newcastle"]}
{"Accounts": ["ugent_belgium"]}
{"Accounts": ["nus_singapore"]}
{"Accounts": ["tas_taipei"]}
{"Accounts": ["hong_kong_hkust"]}
{"Accounts": ["wlc-milwaukee"]}
{"Accounts": ["wlc-milwaukee"]}
{"ActionStatus":"FAIL","ErrorCode":60008,"ErrorInfo":"service timeout or request format error,please check and try again"}

{"Accounts": ["jsnu_china"]}
{"Accounts": ["leicester"]}
{"Accounts": ["tec-costa_rica"]}
{"Accounts": ["teccem"]}
{"Accounts": ["teccem_hs"]}
{"Accounts": ["xjtlu-china"]}
{"Accounts": ["aalto-helsinki"]}
{"Accounts": ["stony_brook"]}
{"Accounts": ["hamburg"]}
{"Accounts": ["ols_canmore"]}
{"Accounts": ["lambertga"]}
{"Accounts": ["wageningen_ur"]}
{"Accounts": ["wageningen_ur"]}
{"ActionStatus":"FAIL","ErrorCode":60008,"ErrorInfo":"service timeout or request format error,please check and try again"}

{"Accounts": ["exeter"]}
{"Accounts": ["georgia_state"]}
{"Accounts": ["uc_davis"]}
{"Accounts": ["uc_davis"]}
{"ActionStatus":"FAIL","ErrorCode":60008,"ErrorInfo":"service timeout or request format error,please check and try again"}

{"Accounts": ["ain_shams-egypt"]}
{"Accounts": ["tsinghua-a"]}
{"Accounts": ["scu-china"]}
{"Accounts": ["ncku_tainan"]}
{"Accounts": ["tjusls_china"]}
{"Accounts": ["tongji_shanghai"]}
{"Accounts": ["tsinghua"]}
{"Accounts": ["tonbridge"]}
{"Accounts": ["fudan"]}
{"Accounts": ["sysu-china"]}
{"Accounts": ["uioslo_norway"]}
{"Accounts": ["shenzhen_sfls"]}
{"Accounts": ["mcmasteru"]}
{"Accounts": ["groningen"]}
{"Accounts": ["cornell_ny"]}
{"Accounts": ["jilin_china"]}
{"Accounts": ["kyoto"]}
{"Accounts": ["insa-lyon"]}
{"Accounts": ["bordeaux"]}
{"Accounts": ["duesseldorf"]}
{"Accounts": ["toulouse_france"]}
{"Accounts": ["leiden"]}
{"Accounts": ["uga-georgia"]}
{"Accounts": ["jnfls_china"]}
{"Accounts": ["epfl"]}
{"Accounts": ["nju-china"]}
{"Accounts": ["sustech_shenzhen"]}
{"Accounts": ["india-thapar-csed"]}
{"Accounts": ["csu_fort_collins"]}
{"Accounts": ["bilkent-unambg"]}
{"Accounts": ["nefu_china"]}
{"Accounts": ["srm_chennai"]}
{"Accounts": ["tokyo_tech"]}
{"Accounts": ["nagahama"]}
{"Accounts": ["aix-marseille"]}
{"Accounts": ["kingsborough_ny"]}
{"Accounts": ["uconn"]}
{"Accounts": ["ucl"]}
{"Accounts": ["cgu_taiwan"]}
{"Accounts": ["iit-madras"]}
{"Accounts": ["nrp-uea-norwich"]}
{"Accounts": ["nanjing-china"]}
{"Accounts": ["scau-china"]}
{"Accounts": ["xmu-china"]}
{"Accounts": ["hsitaiwan"]}
{"Accounts": ["hsitaiwan"]}
{"ActionStatus":"FAIL","ErrorCode":60008,"ErrorInfo":"service timeout or request format error,please check and try again"}

{"Accounts": ["dundee"]}
{"Accounts": ["dundee_schools"]}
{"Accounts": ["marburg"]}
{"Accounts": ["slovenia"]}
{"Accounts": ["slovenia"]}
{"ActionStatus":"FAIL","ErrorCode":60008,"ErrorInfo":"service timeout or request format error,please check and try again"}

{"Accounts": ["ut-knoxville"]}
{"Accounts": ["edinburgh_ug"]}
{"Accounts": ["edinburgh_og"]}
{"Accounts": ["sjtu-biox-shanghai"]}
{"Accounts": ["ntnu_trondheim"]}
{"Accounts": ["bhu_china"]}
{"Accounts": ["scut-china_a"]}
{"Accounts": ["upo-sevilla"]}
{"Accounts": ["nctu_formosa"]}
{"Accounts": ["unik_copenhagen"]}
{"Accounts": ["tu_darmstadt"]}
{"Accounts": ["westminster_uow"]}
{"Accounts": ["goettingen"]}
{"Accounts": ["sdsz_china"]}
{"Accounts": ["oxford"]}
{"Accounts": ["nku_china"]}
{"Accounts": ["neu-china"]}
{"Accounts": ["vilnius-lithuania"]}
{"Accounts": ["trinitycollegedublin"]}
{"Accounts": ["kent"]}
{"Accounts": ["pumas_mexico"]}
{"Accounts": ["uiuc_illinois"]}
{"Accounts": ["purdue"]}
{"Accounts": ["peking"]}
{"Accounts": ["nyu_shanghai"]}
{"Accounts": ["mingdao"]}
{"Accounts": ["technion_israel"]}
{"Accounts": ["sysu-medicine"]}
{"Accounts": ["warwick"]}
{"Accounts": ["lanzhou"]}
{"Accounts": ["sydney_australia"]}
{"Accounts": ["nudt_china"]}
{"Accounts": ["macquarie_australia"]}
{"Accounts": ["koreasonyeodul"]}
{"Accounts": ["jsnu-china"]}
{"Accounts": ["ustc-software"]}
{"Accounts": ["ucc_ireland"]}
{"Accounts": ["uppsala"]}
{"Accounts": ["biosint_mexico"]}
{"Accounts": ["vanderbilt"]}
{"Accounts": ["vanderbilt_software"]}
{"Accounts": ["ulv-lc-cv"]}
{"Accounts": ["uofc_calgary"]}
{"Accounts": ["ustc"]}
{"Accounts": ["ustc"]}
{"ActionStatus":"FAIL","ErrorCode":60008,"ErrorInfo":"service timeout or request format error,please check and try again"}

{"Accounts": ["harvard_biodesign"]}
{"Accounts": ["tcu_taiwan"]}
{"Accounts": ["hzau-china"]}
{"Accounts": ["uestc-china"]}
{"Accounts": ["uam_poznan"]}
{"Accounts": ["hokkaidou_japan"]}
{"Accounts": ["sheffield"]}
{"Accounts": ["valencia_upv"]}
{"Accounts": ["sdu-denmark"]}
{"Accounts": ["northwestern"]}
{"Accounts": ["aachen"]}
{"Accounts": ["unsw_australia"]}
{"Accounts": ["ionis_paris"]}
{"Accounts": ["uoa_newzealand"]}
{"Accounts": ["uestc-software"]}
{"Accounts": ["bgic_china"]}
{"Accounts": ["stanford-brown"]}
{"Accounts": ["bnds_china"]}
{"Accounts": ["ubonn_hbrs"]}
{"Accounts": ["chalmers_gothenburg"]}
{"Accounts": ["richard_montgomery"]}
{"Accounts": ["umaryland"]}
{"Accounts": ["arizona_state"]}
{"Accounts": ["missouri_rolla"]}
{"Accounts": ["judd_uk"]}
{"Accounts": ["hust-china"]}
{"Accounts": ["pretoria_up"]}
{"Accounts": ["broadrun-northernva"]}
{"Accounts": ["paris_saclay"]}
{"Accounts": ["nymu-taipei"]}
{"Accounts": ["bit"]}
{"Accounts": ["evry"]}
{"Accounts": ["paris_bettencourt"]}
{"Accounts": ["ahut_china"]}
{"Accounts": ["concordia"]}
{"Accounts": ["ncl_india"]}
{"Accounts": ["ouc-china"]}
{"Accounts": ["toronto"]}
{"Accounts": ["ui-indonesia"]}
{"Accounts": ["metu_hs_ankara"]}
{"Accounts": ["pasteur_paris"]}
{"Accounts": ["hong_kong_hku"]}
{"Accounts": ["tec-monterrey"]}
{"Accounts": ["peshawar"]}
{"Accounts": ["guanajuato_mx"]}
{"Accounts": ["atoms_turkiye"]}
{"Accounts": ["auc_turkey"]}
{"Accounts": ["cardiff_wales"]}
{"Accounts": ["tel-hai"]}
{"Accounts": ["columbiau_nyc"]}
{"Accounts": ["unc-chapel_hill"]}
{"Accounts": ["queens_canada"]}
{"Accounts": ["tu-eindhoven"]}
{"Accounts": ["william_and_mary"]}
{"Accounts": ["liceo_eugenio_hostos"]}
{"Accounts": ["ucla"]}
{"Accounts": ["tec-chihuahua"]}
{"Accounts": ["ut-tokyo"]}
{"Accounts": ["ucsc"]}
{"Accounts": ["ust_beijing"]}
{"Accounts": ["ust_beijing"]}
{"ActionStatus":"FAIL","ErrorCode":60008,"ErrorInfo":"service timeout or request format error,please check and try again"}

{"Accounts": ["nthu_taiwan"]}
{"Accounts": ["fafu-china"]}
{"Accounts": ["hannover"]}
{"Accounts": ["unh_durham"]}
{"Accounts": ["rhit"]}
{"Accounts": ["clsb-uk"]}
{"Accounts": ["cls-london-uk"]}
{"Accounts": ["scut-china_b"]}
{"Accounts": ["tec_genetix_ccm"]}
{"Accounts": ["bielefeld-cebitec"]}
{"Accounts": ["wpi_worcester"]}
{"Accounts": ["pittsburgh"]}
{"Accounts": ["uc_san_diego"]}
{"Accounts": ["unebraska-lincoln"]}
{"Accounts": ["tufts"]}
{"Accounts": ["nau-china"]}
{"Accounts": ["gdsyzx-united"]}
{"Accounts": ["tp_cc_sandiego"]}
{"Accounts": ["bgu_israel"]}
{"Accounts": ["manchester"]}
{"Accounts": ["uclouvain"]}
{"Accounts": ["korea_u_seoul"]}
{"Accounts": ["linkoping_sweden"]}
{"Accounts": ["central-calgary"]}
{"Accounts": ["austin_utexas"]}
{"Accounts": ["austin_utexas_lasa"]}
{"Accounts": ["minnesota"]}
{"Accounts": ["mit"]}
{"Accounts": ["ryerson_toronto"]}
{"Accounts": ["stuygem"]}
{"Accounts": ["cca_sandiego"]}
{"Accounts": ["michigan_software"]}
{"Accounts": ["michigan"]}
{"Accounts": ["upibi-ipn"]}
{"Accounts": ["lubbock_ttu"]}
{"Accounts": ["northernbc"]}
{"Accounts": ["lethbridge"]}
{"Accounts": ["tianjin"]}
{"Accounts": ["denver_biolabs"]}
{"Accounts": ["ln-shiyan-china"]}
{"Accounts": ["svce_chennai"]}
{"Accounts": ["freiburg"]}
{"Accounts": ["saint_rose_school_a"]}
{"Accounts": ["eth_zurich"]}
{"Accounts": ["dtu-denmark"]}
{"Accounts": ["upf-crg_barcelona"]}
{"Accounts": ["saint_rose_school_b"]}
{"Accounts": ["bit-china"]}
{"Accounts": ["yale"]}
{"Accounts": ["nyu-ad"]}
{"Accounts": ["ufam-uea_brazil"]}
{"Accounts": ["lethbridge_hs"]}
{"Accounts": ["msu-michigan"]}
{"Accounts": ["rock_ridge_virginia"]}
{"Accounts": ["ingenuitylab_canada"]}
{"Accounts": ["genspace"]}
{"Accounts": ["cu-boulder"]}
{"Accounts": ["ntu-singapore"]}
{"Accounts": ["ethiopia1"]}
{"Accounts": ["shanghaitechchina"]}
{"Accounts": ["biobricks"]}
{"Accounts": ["hfut-china"]}
{"Accounts": ["washu_stlouis"]}
{"Accounts": ["usp_unifesp-brazil"]}
{"Accounts": ["waterloo"]}
{"Accounts": ["umass-dartmouth"]}
{"Accounts": ["british_columbia"]}
{"Accounts": ["melbourne"]}
{"Accounts": ["istanbul_tech"]}
{"Accounts": ["nawi-graz"]}
{"Accounts": ["scsu-new_haven"]}
{"Accounts": ["stockholm"]}
{"Accounts": ["alverno_ca"]}
{"Accounts": ["emory"]}
{"Accounts": ["usna-annapolis"]}
{"Accounts": ["cambridge-jic"]}
{"Accounts": ["usp-eel-brazil"]}
{"Accounts": ["ucas"]}
{"Accounts": ["glasgow"]}
{"Accounts": ["shanghaitechchina_b"]}
{"Accounts": ["nwpu"]}
{"Accounts": ["colegiofdr_peru"]}
{"Accounts": ["gifu"]}
{"Accounts": ["ucsd_auditory"]}
{"Accounts": ["dalhousie_halifax_ns"]}
{"Accounts": ["cpu_china"]}
{"Accounts": ["sjtu-software"]}
{"Accounts": ["iit_kharagpur"]}
{"Accounts": ["mcgill-mcmaster"]}
{"Accounts": ["washington"]}
{"Accounts": ["colite-west-point"]}
{"Accounts": ["wound-aid-west-point"]}
{"Accounts": ["iisc_bangalore"]}
{"Accounts": ["fau_erlangen"]}
{"Accounts": ["lmu-tum_munich"]}
{"Accounts": ["bulgaria"]}
{"Accounts": ["ciei-bj"]}
{"Accounts": ["iit_delhi"]}
{"Accounts": ["kait_japan"]}
{"Accounts": ["uchicago"]}
{"Accounts": ["westlake"]}
{"Accounts": ["ivytech_southbend_in"]}
{"Accounts": ["urbantundra_edmonton"]}
{"Accounts": ["upmc-paris"]}
{"Accounts": ["emw_street_bio"]}
{"Accounts": ["northeastern"]}
{"Accounts": ["danci-k8"]}
{"Accounts": ["broadrun-baltimore"]}
{"Accounts": ["caps_kansas"]}
{"Accounts": ["baltimore_biocrew"]}
